[ 2016-03-28T14:06:28+08:00 ] ::1 /FGUserCenter/user.php?c=Router&a=request
INFO: [ app_init ] --START--
INFO: Run Behavior\BuildLiteBehavior [ RunTime:0.000017s ]
INFO: [ app_init ] --END-- [ RunTime:0.000114s ]
INFO: [ app_begin ] --START--
INFO: Run Behavior\ReadHtmlCacheBehavior [ RunTime:0.001055s ]
INFO: [ app_begin ] --END-- [ RunTime:0.001139s ]
SQL: SHOW COLUMNS FROM `server` [ RunTime:0.0140s ]
SQL: select `server`.`channel_id`,`logic`.`sid`,`server`.`name`,`server`.`type`,`logic`.`activation`,`logic`.`db_m_host`,`logic`.`db_m_user`,`logic`.`db_m_pwd`,`logic`.`db_m_port`,`logic`.`db_s_host`,`logic`.`db_s_user`,`logic`.`db_s_pwd`,`logic`.`db_s_port`,`logic`.`dbname`,`logic`.`log_db_host`,`logic`.`log_db_user`,`logic`.`log_db_pwd`,`logic`.`log_db_port`,`logic`.`log_dbname`,`logic`.`redis_host`,`logic`.`redis_port`,`logic`.`redis_game`,`logic`.`redis_social`,`logic`.`redis_fight`,`logic`.`platform_url`,`logic`.`platform_sid`,`logic`.`script_server_id`,`channel`.`code`,`channel`.`callback` from `logic`,`server`,`channel`,`game` where `server`.`logic_id`=`logic`.`id` && `server`.`channel_id`=`channel`.`channel_id` && `logic`.`gid`=`game`.`gid` && `logic`.`gid`=`channel`.`gid` && `logic`.`gid`='1' && `game`.`status`<>'0' && `logic`.`status`<>'0' && `channel`.`status`<>'0' && `server`.`status`<>'0' [ RunTime:0.0110s ]
INFO: [ app_end ] --START--
INFO: Run Behavior\ShowPageTraceBehavior [ RunTime:0.001159s ]
INFO: [ app_end ] --END-- [ RunTime:0.001245s ]

[ 2016-03-28T14:07:27+08:00 ] ::1 /FGUserCenter/user.php?c=Router&a=request
INFO: [ app_init ] --START--
INFO: Run Behavior\BuildLiteBehavior [ RunTime:0.000026s ]
INFO: [ app_init ] --END-- [ RunTime:0.000118s ]
INFO: [ app_begin ] --START--
INFO: Run Behavior\ReadHtmlCacheBehavior [ RunTime:0.000530s ]
INFO: [ app_begin ] --END-- [ RunTime:0.000580s ]
SQL: SHOW COLUMNS FROM `server` [ RunTime:0.0029s ]
SQL: select `server`.`channel_id`,`logic`.`sid`,`server`.`name`,`server`.`type`,`logic`.`activation`,`logic`.`db_m_host`,`logic`.`db_m_user`,`logic`.`db_m_pwd`,`logic`.`db_m_port`,`logic`.`db_s_host`,`logic`.`db_s_user`,`logic`.`db_s_pwd`,`logic`.`db_s_port`,`logic`.`dbname`,`logic`.`log_db_host`,`logic`.`log_db_user`,`logic`.`log_db_pwd`,`logic`.`log_db_port`,`logic`.`log_dbname`,`logic`.`redis_host`,`logic`.`redis_port`,`logic`.`redis_game`,`logic`.`redis_social`,`logic`.`redis_fight`,`logic`.`platform_url`,`logic`.`platform_sid`,`logic`.`script_server_id`,`channel`.`code`,`channel`.`callback` from `logic`,`server`,`channel`,`game` where `server`.`logic_id`=`logic`.`id` && `server`.`channel_id`=`channel`.`channel_id` && `logic`.`gid`=`game`.`gid` && `logic`.`gid`=`channel`.`gid` && `logic`.`gid`='1' && `game`.`status`<>'0' && `logic`.`status`<>'0' && `channel`.`status`<>'0' && `server`.`status`<>'0' [ RunTime:0.0091s ]
INFO: [ app_end ] --START--
INFO: Run Behavior\ShowPageTraceBehavior [ RunTime:0.000785s ]
INFO: [ app_end ] --END-- [ RunTime:0.000841s ]

[ 2016-03-28T14:07:29+08:00 ] ::1 /FGUserCenter/user.php?c=Router&a=request
INFO: [ app_init ] --START--
INFO: Run Behavior\BuildLiteBehavior [ RunTime:0.000009s ]
INFO: [ app_init ] --END-- [ RunTime:0.000045s ]
INFO: [ app_begin ] --START--
INFO: Run Behavior\ReadHtmlCacheBehavior [ RunTime:0.000283s ]
INFO: [ app_begin ] --END-- [ RunTime:0.000327s ]
SQL: SHOW COLUMNS FROM `server` [ RunTime:0.0041s ]
SQL: select `server`.`channel_id`,`logic`.`sid`,`server`.`name`,`server`.`type`,`logic`.`activation`,`logic`.`db_m_host`,`logic`.`db_m_user`,`logic`.`db_m_pwd`,`logic`.`db_m_port`,`logic`.`db_s_host`,`logic`.`db_s_user`,`logic`.`db_s_pwd`,`logic`.`db_s_port`,`logic`.`dbname`,`logic`.`log_db_host`,`logic`.`log_db_user`,`logic`.`log_db_pwd`,`logic`.`log_db_port`,`logic`.`log_dbname`,`logic`.`redis_host`,`logic`.`redis_port`,`logic`.`redis_game`,`logic`.`redis_social`,`logic`.`redis_fight`,`logic`.`platform_url`,`logic`.`platform_sid`,`logic`.`script_server_id`,`channel`.`code`,`channel`.`callback` from `logic`,`server`,`channel`,`game` where `server`.`logic_id`=`logic`.`id` && `server`.`channel_id`=`channel`.`channel_id` && `logic`.`gid`=`game`.`gid` && `logic`.`gid`=`channel`.`gid` && `logic`.`gid`='1' && `game`.`status`<>'0' && `logic`.`status`<>'0' && `channel`.`status`<>'0' && `server`.`status`<>'0' [ RunTime:0.0024s ]
INFO: [ app_end ] --START--
INFO: Run Behavior\ShowPageTraceBehavior [ RunTime:0.000422s ]
INFO: [ app_end ] --END-- [ RunTime:0.000467s ]

[ 2016-03-28T14:33:03+08:00 ] ::1 /FGUserCenter/user.php?c=Router&a=request
INFO: [ app_init ] --START--
INFO: Run Behavior\BuildLiteBehavior [ RunTime:0.000012s ]
INFO: [ app_init ] --END-- [ RunTime:0.000060s ]
INFO: [ app_begin ] --START--
INFO: Run Behavior\ReadHtmlCacheBehavior [ RunTime:0.000565s ]
INFO: [ app_begin ] --END-- [ RunTime:0.000620s ]
SQL: SHOW COLUMNS FROM `server` [ RunTime:0.0038s ]
SQL: select `server`.`channel_id`,`logic`.`sid`,`server`.`name`,`server`.`type`,`logic`.`activation`,`logic`.`db_m_host`,`logic`.`db_m_user`,`logic`.`db_m_pwd`,`logic`.`db_m_port`,`logic`.`db_s_host`,`logic`.`db_s_user`,`logic`.`db_s_pwd`,`logic`.`db_s_port`,`logic`.`dbname`,`logic`.`log_db_host`,`logic`.`log_db_user`,`logic`.`log_db_pwd`,`logic`.`log_db_port`,`logic`.`log_dbname`,`logic`.`redis_host`,`logic`.`redis_port`,`logic`.`redis_game`,`logic`.`redis_social`,`logic`.`redis_fight`,`logic`.`platform_url`,`logic`.`platform_sid`,`logic`.`script_server_id`,`channel`.`code`,`channel`.`callback` from `logic`,`server`,`channel`,`game` where `server`.`logic_id`=`logic`.`id` && `server`.`channel_id`=`channel`.`channel_id` && `logic`.`gid`=`game`.`gid` && `logic`.`gid`=`channel`.`gid` && `logic`.`gid`='1' && `game`.`status`<>'0' && `logic`.`status`<>'0' && `channel`.`status`<>'0' && `server`.`status`<>'0' [ RunTime:0.0025s ]
INFO: [ app_end ] --START--
INFO: Run Behavior\ShowPageTraceBehavior [ RunTime:0.002140s ]
INFO: [ app_end ] --END-- [ RunTime:0.002325s ]

