[ 2016-03-26T15:19:45+08:00 ] ::1 /FGUserCenter/user.php?c=Router&a=request
INFO: [ app_init ] --START--
INFO: Run Behavior\BuildLiteBehavior [ RunTime:0.000023s ]
INFO: [ app_init ] --END-- [ RunTime:0.000208s ]
INFO: [ app_begin ] --START--
INFO: Run Behavior\ReadHtmlCacheBehavior [ RunTime:0.000783s ]
INFO: [ app_begin ] --END-- [ RunTime:0.000947s ]
SQL: SHOW COLUMNS FROM `server` [ RunTime:0.0034s ]
SQL: select `server`.`channel_id`,`logic`.`sid`,`server`.`name`,`server`.`type`,`logic`.`activation`,`logic`.`db_m_host`,`logic`.`db_m_user`,`logic`.`db_m_pwd`,`logic`.`db_m_port`,`logic`.`db_s_host`,`logic`.`db_s_user`,`logic`.`db_s_pwd`,`logic`.`db_s_port`,`logic`.`dbname`,`logic`.`log_db_host`,`logic`.`log_db_user`,`logic`.`log_db_pwd`,`logic`.`log_db_port`,`logic`.`log_dbname`,`logic`.`redis_host`,`logic`.`redis_port`,`logic`.`redis_game`,`logic`.`redis_social`,`logic`.`redis_fight`,`logic`.`platform_url`,`logic`.`platform_sid`,`logic`.`script_server_id`,`channel`.`code`,`channel`.`callback` from `logic`,`server`,`channel`,`game` where `server`.`logic_id`=`logic`.`id` && `server`.`channel_id`=`channel`.`channel_id` && `logic`.`gid`=`game`.`gid` && `logic`.`gid`=`channel`.`gid` && `logic`.`gid`='1' && `game`.`status`<>'0' && `logic`.`status`<>'0' && `channel`.`status`<>'0' && `server`.`status`<>'0' [ RunTime:0.0041s ]
INFO: [ app_end ] --START--
INFO: Run Behavior\ShowPageTraceBehavior [ RunTime:0.000682s ]
INFO: [ app_end ] --END-- [ RunTime:0.000733s ]

[ 2016-03-26T18:12:58+08:00 ] ::1 /FGUserCenter/user.php?c=Router&a=request
INFO: [ app_init ] --START--
INFO: Run Behavior\BuildLiteBehavior [ RunTime:0.000011s ]
INFO: [ app_init ] --END-- [ RunTime:0.000073s ]
INFO: [ app_begin ] --START--
INFO: Run Behavior\ReadHtmlCacheBehavior [ RunTime:0.001429s ]
INFO: [ app_begin ] --END-- [ RunTime:0.001668s ]
SQL: SHOW COLUMNS FROM `server` [ RunTime:0.0046s ]
SQL: select `server`.`channel_id`,`logic`.`sid`,`server`.`name`,`server`.`type`,`logic`.`activation`,`logic`.`db_m_host`,`logic`.`db_m_user`,`logic`.`db_m_pwd`,`logic`.`db_m_port`,`logic`.`db_s_host`,`logic`.`db_s_user`,`logic`.`db_s_pwd`,`logic`.`db_s_port`,`logic`.`dbname`,`logic`.`log_db_host`,`logic`.`log_db_user`,`logic`.`log_db_pwd`,`logic`.`log_db_port`,`logic`.`log_dbname`,`logic`.`redis_host`,`logic`.`redis_port`,`logic`.`redis_game`,`logic`.`redis_social`,`logic`.`redis_fight`,`logic`.`platform_url`,`logic`.`platform_sid`,`logic`.`script_server_id`,`channel`.`code`,`channel`.`callback` from `logic`,`server`,`channel`,`game` where `server`.`logic_id`=`logic`.`id` && `server`.`channel_id`=`channel`.`channel_id` && `logic`.`gid`=`game`.`gid` && `logic`.`gid`=`channel`.`gid` && `logic`.`gid`='1' && `game`.`status`<>'0' && `logic`.`status`<>'0' && `channel`.`status`<>'0' && `server`.`status`<>'0' [ RunTime:0.0049s ]
INFO: [ app_end ] --START--
INFO: Run Behavior\ShowPageTraceBehavior [ RunTime:0.000877s ]
INFO: [ app_end ] --END-- [ RunTime:0.000950s ]

